<?xml version="1.0" encoding="UTF-8"?>
<testng-results ignored="0" total="4" passed="4" failed="0" skipped="0">
  <reporter-output>
  </reporter-output>
  <suite started-at="2021-05-21T11:51:39Z" name="GetMyCart-Automation-Selenium-TestNG" finished-at="2021-05-21T11:55:17Z" duration-ms="218060">
    <groups>
    </groups>
    <test started-at="2021-05-21T11:51:39Z" name="GetMyCartApp Test" finished-at="2021-05-21T11:55:17Z" duration-ms="218060">
      <class name="com.getmycart.testCases.TC_OpenURL">
        <test-method is-config="true" signature="setUp(java.lang.String)[pri:0, instance:com.getmycart.testCases.TC_OpenURL@4c15e7fd]" started-at="2021-05-21T11:51:40Z" name="setUp" finished-at="2021-05-21T11:52:57Z" duration-ms="77097" status="PASS">
          <params>
            <param index="0">
              <value>
                <![CDATA[chrome]]>
              </value>
            </param>
          </params>
          <reporter-output>
          </reporter-output>
        </test-method> <!-- setUp -->
        <test-method signature="myPage()[pri:0, instance:com.getmycart.testCases.TC_OpenURL@4c15e7fd]" started-at="2021-05-21T11:52:57Z" name="myPage" finished-at="2021-05-21T11:53:02Z" duration-ms="4798" status="PASS">
          <reporter-output>
          </reporter-output>
        </test-method> <!-- myPage -->
        <test-method is-config="true" signature="tearDown()[pri:0, instance:com.getmycart.testCases.TC_OpenURL@4c15e7fd]" started-at="2021-05-21T11:53:02Z" name="tearDown" finished-at="2021-05-21T11:53:14Z" duration-ms="11466" status="PASS">
          <reporter-output>
          </reporter-output>
        </test-method> <!-- tearDown -->
      </class> <!-- com.getmycart.testCases.TC_OpenURL -->
      <class name="com.getmycart.testCases.TC_Login">
        <test-method is-config="true" signature="setUp(java.lang.String)[pri:0, instance:com.getmycart.testCases.TC_Login@23986957]" started-at="2021-05-21T11:53:14Z" name="setUp" finished-at="2021-05-21T11:53:43Z" duration-ms="28775" status="PASS">
          <params>
            <param index="0">
              <value>
                <![CDATA[chrome]]>
              </value>
            </param>
          </params>
          <reporter-output>
          </reporter-output>
        </test-method> <!-- setUp -->
        <test-method signature="loginTest(java.lang.String, java.lang.String)[pri:0, instance:com.getmycart.testCases.TC_Login@23986957]" started-at="2021-05-21T11:53:53Z" name="loginTest" data-provider="LoginData" finished-at="2021-05-21T11:53:54Z" duration-ms="817" status="PASS">
          <params>
            <param index="0">
              <value>
                <![CDATA[patil@gmail.com]]>
              </value>
            </param>
            <param index="1">
              <value>
                <![CDATA[1234]]>
              </value>
            </param>
          </params>
          <reporter-output>
          </reporter-output>
        </test-method> <!-- loginTest -->
        <test-method is-config="true" signature="tearDown()[pri:0, instance:com.getmycart.testCases.TC_Login@23986957]" started-at="2021-05-21T11:53:54Z" name="tearDown" finished-at="2021-05-21T11:53:54Z" duration-ms="396" status="PASS">
          <reporter-output>
          </reporter-output>
        </test-method> <!-- tearDown -->
      </class> <!-- com.getmycart.testCases.TC_Login -->
      <class name="com.getmycart.testCases.TC_Logout">
        <test-method is-config="true" signature="setUp(java.lang.String)[pri:0, instance:com.getmycart.testCases.TC_Logout@23f7d05d]" started-at="2021-05-21T11:53:54Z" name="setUp" finished-at="2021-05-21T11:54:12Z" duration-ms="17448" status="PASS">
          <params>
            <param index="0">
              <value>
                <![CDATA[chrome]]>
              </value>
            </param>
          </params>
          <reporter-output>
          </reporter-output>
        </test-method> <!-- setUp -->
        <test-method signature="logoutTest()[pri:0, instance:com.getmycart.testCases.TC_Logout@23f7d05d]" started-at="2021-05-21T11:54:12Z" name="logoutTest" finished-at="2021-05-21T11:54:18Z" duration-ms="6188" status="PASS">
          <reporter-output>
          </reporter-output>
        </test-method> <!-- logoutTest -->
        <test-method is-config="true" signature="tearDown()[pri:0, instance:com.getmycart.testCases.TC_Logout@23f7d05d]" started-at="2021-05-21T11:54:18Z" name="tearDown" finished-at="2021-05-21T11:54:20Z" duration-ms="2325" status="PASS">
          <reporter-output>
          </reporter-output>
        </test-method> <!-- tearDown -->
      </class> <!-- com.getmycart.testCases.TC_Logout -->
      <class name="com.getmycart.testCases.TC_BuyProduct_001">
        <test-method is-config="true" signature="setUp(java.lang.String)[pri:0, instance:com.getmycart.testCases.TC_BuyProduct_001@1e730495]" started-at="2021-05-21T11:54:20Z" name="setUp" finished-at="2021-05-21T11:54:53Z" duration-ms="32485" status="PASS">
          <params>
            <param index="0">
              <value>
                <![CDATA[chrome]]>
              </value>
            </param>
          </params>
          <reporter-output>
          </reporter-output>
        </test-method> <!-- setUp -->
        <test-method signature="BuyProduct()[pri:0, instance:com.getmycart.testCases.TC_BuyProduct_001@1e730495]" started-at="2021-05-21T11:54:53Z" name="BuyProduct" finished-at="2021-05-21T11:55:16Z" duration-ms="22882" status="PASS">
          <reporter-output>
          </reporter-output>
        </test-method> <!-- BuyProduct -->
        <test-method is-config="true" signature="tearDown()[pri:0, instance:com.getmycart.testCases.TC_BuyProduct_001@1e730495]" started-at="2021-05-21T11:55:16Z" name="tearDown" finished-at="2021-05-21T11:55:17Z" duration-ms="1634" status="PASS">
          <reporter-output>
          </reporter-output>
        </test-method> <!-- tearDown -->
      </class> <!-- com.getmycart.testCases.TC_BuyProduct_001 -->
    </test> <!-- GetMyCartApp Test -->
  </suite> <!-- GetMyCart-Automation-Selenium-TestNG -->
</testng-results>
