<?xml version="1.0" encoding="UTF-8"?>
<testng-results ignored="0" total="1" passed="1" failed="0" skipped="0">
  <reporter-output>
  </reporter-output>
  <suite started-at="2021-06-01T19:06:28Z" name="GetMyCart-Automation-Selenium-TestNG" finished-at="2021-06-01T19:07:00Z" duration-ms="32111">
    <groups>
    </groups>
    <test started-at="2021-06-01T19:06:28Z" name="GetMyCartApp Test" finished-at="2021-06-01T19:07:00Z" duration-ms="32111">
      <class name="com.getmycart.testCases.TC_BuyProduct_001">
        <test-method is-config="true" signature="setUp(java.lang.String)[pri:0, instance:com.getmycart.testCases.TC_BuyProduct_001@6d763516]" started-at="2021-06-01T19:06:28Z" name="setUp" finished-at="2021-06-01T19:06:39Z" duration-ms="10670" status="PASS">
          <params>
            <param index="0">
              <value>
                <![CDATA[chrome]]>
              </value>
            </param>
          </params>
          <reporter-output>
          </reporter-output>
        </test-method> <!-- setUp -->
        <test-method signature="BuyProduct()[pri:0, instance:com.getmycart.testCases.TC_BuyProduct_001@6d763516]" started-at="2021-06-01T19:06:39Z" name="BuyProduct" finished-at="2021-06-01T19:07:00Z" duration-ms="21157" status="PASS">
          <reporter-output>
          </reporter-output>
        </test-method> <!-- BuyProduct -->
        <test-method is-config="true" signature="tearDown()[pri:0, instance:com.getmycart.testCases.TC_BuyProduct_001@6d763516]" started-at="2021-06-01T19:07:00Z" name="tearDown" finished-at="2021-06-01T19:07:00Z" duration-ms="81" status="PASS">
          <reporter-output>
          </reporter-output>
        </test-method> <!-- tearDown -->
      </class> <!-- com.getmycart.testCases.TC_BuyProduct_001 -->
    </test> <!-- GetMyCartApp Test -->
  </suite> <!-- GetMyCart-Automation-Selenium-TestNG -->
</testng-results>
