<?xml version="1.0" encoding="UTF-8"?>
<!-- Generated by org.testng.reporters.JUnitXMLReporter -->
<testsuite ignored="0" hostname="Aniruddha" failures="0" tests="4" name="GetMyCartApp Test" time="218.06" errors="0" timestamp="21 May 2021 11:55:18 GMT">
  <testcase classname="com.getmycart.testCases.TC_OpenURL" name="myPage" time="4.798"/>
  <testcase classname="com.getmycart.testCases.TC_Login" name="loginTest" time="0.817"/>
  <testcase classname="com.getmycart.testCases.TC_Logout" name="logoutTest" time="6.188"/>
  <testcase classname="com.getmycart.testCases.TC_BuyProduct_001" name="BuyProduct" time="22.882"/>
</testsuite> <!-- GetMyCartApp Test -->
